         ps       /datapathtb/OPCin      /datapathtb/L0/b_reg   /datapathtb/L0/OPC2      /datapathtb/DATAin                 
          delta   /datapathtb/L0/op_reg     /datapathtb/L0/Cout    /datapathtb/L0/ALUFN                                     
                        /datapathtb/L0/Ld           /datapathtb/L0/c_reg          /datapathtb/L0/A                          
                       /datapathtb/L0/down_counter            /datapathtb/DATAout                                           
                                  /datapathtb/L0/Bin                  /datapathtb/L0/OPC1                                   
          0  +0                   U 000 U 00000000 U 00000000 U UUUUUUUU UUUUUUUU U 000 U 00000000 00000000 
      62500  +1                   1 000 1 00000000 U 00000000 U UUUUUUUU UUUUUUUU U 000 U 00000000 00000001 
     100000  +2                   1 001 1 00000000 U 00000000 U UUUUUUUU UUUUUUUU U 000 U 00000000 00000001 
     150000  +2                   1 001 1 00000001 U 00000000 U UUUUUUUU UUUUUUUU U 000 U 00000000 00000001 
     162500  +0                   0 001 0 00000001 U 00000000 U UUUUUUUU UUUUUUUU U 000 U 00000000 00000001 
     162500  +1                   0 001 0 00000001 1 00000000 U UUUUUUUU UUUUUUUU U 000 1 00000000 00000001 
     162500  +2                   0 001 0 00000001 1 00000000 U UUUUUUUU UUUUUUUU U 000 1 00000001 00000001 
     200000  +2                   0 001 0 00000001 1 00000001 U UUUUUUUU UUUUUUUU U 000 1 00000001 00000001 
     250000  +2                   0 001 0 00000000 1 00000001 U UUUUUUUU UUUUUUUU U 000 1 00000001 00000001 
     262500  +0                   0 001 0 00000000 0 00000001 U UUUUUUUU UUUUUUUU U 000 0 00000001 00000001 
     262500  +1                   0 001 0 00000000 1 00000001 U UUUUUUUU UUUUUUUU 1 000 1 00000000 00000001 
     262500  +2                   0 001 0 00000000 1 00000001 U UUUUUUUU UUUUUUUU 1 001 1 00000001 00000001 
     300000  +2                   0 001 0 00000000 1 00000010 U UUUUUUUU UUUUUUUU 1 001 1 00000001 00000001 
     362500  +0                   0 001 0 00000000 0 00000010 U UUUUUUUU UUUUUUUU 0 001 0 00000001 00000001 
     362500  +1                   0 001 0 00000000 0 00000010 1 UUUUUUUU UUUUUUUU 0 000 0 00000000 00000001 
     450000  +2                   0 001 0 00000000 0 00000010 1 00000010 UUUUUUUU 0 000 0 00000000 00000001 
     450000  +3                   0 001 0 00000000 0 00000010 1 00000010 00000010 0 000 0 00000000 00000001 
     462500  +0                   0 001 0 00000000 0 00000010 0 00000010 00000010 0 000 0 00000000 00000001 
